[debug] [2025-06-14T17:24:28.342Z] ----------------------------------------------------------------------
[debug] [2025-06-14T17:24:28.346Z] Command:       C:\Program Files\nodejs\node.exe C:\Users\magus\AppData\Roaming\npm\node_modules\firebase-tools\lib\bin\firebase.js init
[debug] [2025-06-14T17:24:28.347Z] CLI Version:   14.7.0
[debug] [2025-06-14T17:24:28.347Z] Platform:      win32
[debug] [2025-06-14T17:24:28.348Z] Node Version:  v22.16.0
[debug] [2025-06-14T17:24:28.348Z] Time:          Sat Jun 14 2025 13:24:28 GMT-0400 (Eastern Daylight Time)
[debug] [2025-06-14T17:24:28.348Z] ----------------------------------------------------------------------
[debug] 
[debug] [2025-06-14T17:24:28.359Z] > command requires scopes: ["email","openid","https://www.googleapis.com/auth/cloudplatformprojects.readonly","https://www.googleapis.com/auth/firebase","https://www.googleapis.com/auth/cloud-platform"]
[debug] [2025-06-14T17:24:28.359Z] > authorizing via signed-in user (houseofmcclellan@gmail.com)
[info] 
     ######## #### ########  ######## ########     ###     ######  ########
     ##        ##  ##     ## ##       ##     ##  ##   ##  ##       ##
     ######    ##  ########  ######   ########  #########  ######  ######
     ##        ##  ##    ##  ##       ##     ## ##     ##       ## ##
     ##       #### ##     ## ######## ########  ##     ##  ######  ########

You're about to initialize a Firebase project in this directory:

  C:\AI Assistant\magusstorm-site

Before we get started, keep in mind:

  * You are currently outside your home directory

[info] 
=== Project Setup
[info] 
[info] First, let's associate this project directory with a Firebase project.
[info] You can create multiple project aliases by running firebase use --add, 
[info] but for now we'll just set up a default project.
[info] 
[debug] [2025-06-14T17:24:55.965Z] Checked if tokens are valid: true, expires at: 1749924702228
[debug] [2025-06-14T17:24:55.966Z] Checked if tokens are valid: true, expires at: 1749924702228
[debug] [2025-06-14T17:24:55.968Z] >>> [apiv2][query] GET https://firebase.googleapis.com/v1beta1/projects pageSize=100
[debug] [2025-06-14T17:24:56.343Z] <<< [apiv2][status] GET https://firebase.googleapis.com/v1beta1/projects 200
[debug] [2025-06-14T17:24:56.343Z] <<< [apiv2][body] GET https://firebase.googleapis.com/v1beta1/projects [omitted]
[info] i  Using project family-assistant-a6907 (Family Assistant) 
[info] 
=== Hosting Setup
[debug] [2025-06-14T17:25:01.979Z] Checked if tokens are valid: true, expires at: 1749924702228
[debug] [2025-06-14T17:25:01.979Z] Checked if tokens are valid: true, expires at: 1749924702228
[debug] [2025-06-14T17:25:01.980Z] >>> [apiv2][query] GET https://firebase.googleapis.com/v1beta1/projects/family-assistant-a6907 [none]
[debug] [2025-06-14T17:25:02.213Z] <<< [apiv2][status] GET https://firebase.googleapis.com/v1beta1/projects/family-assistant-a6907 200
[debug] [2025-06-14T17:25:02.214Z] <<< [apiv2][body] GET https://firebase.googleapis.com/v1beta1/projects/family-assistant-a6907 {"projectId":"family-assistant-a6907","projectNumber":"780440137990","displayName":"Family Assistant","name":"projects/family-assistant-a6907","resources":{"hostingSite":"family-assistant-a6907"},"state":"ACTIVE","etag":"1_225acd4e-7b9d-4230-872f-b3a64b2aa93a"}
[info] 
[info] Your public directory is the folder (relative to your project directory) that
[info] will contain Hosting assets to be uploaded with firebase deploy. If you
[info] have a build process for your assets, use your build's output directory.
[info] 
[info] +  Wrote public/404.html 
[debug] [2025-06-14T17:26:44.498Z] >>> [apiv2][query] GET https://www.gstatic.com/firebasejs/releases.json [none]
[debug] [2025-06-14T17:26:44.721Z] <<< [apiv2][status] GET https://www.gstatic.com/firebasejs/releases.json 200
[debug] [2025-06-14T17:26:44.722Z] <<< [apiv2][body] GET https://www.gstatic.com/firebasejs/releases.json {"current":{"version":"11.9.1","browserURL":"https://www.gstatic.com/firebasejs/11.9.1/firebase.js","packageURL":"https://www.gstatic.com/firebasejs/11.9.1/firebase.tgz"},"live":{"version":"11.9","browserURL":"https://www.gstatic.com/firebasejs/live/11.9/firebase.js","packageURL":"https://www.gstatic.com/firebasejs/live/11.9/firebase.tgz"},"components":{"ai":"https://www.gstatic.com/firebasejs/11.9.1/firebase-ai.js","analytics":"https://www.gstatic.com/firebasejs/11.9.1/firebase-analytics.js","app":"https://www.gstatic.com/firebasejs/11.9.1/firebase-app.js","app-check":"https://www.gstatic.com/firebasejs/11.9.1/firebase-app-check.js","auth":"https://www.gstatic.com/firebasejs/11.9.1/firebase-auth.js","auth/cordova":"https://www.gstatic.com/firebasejs/11.9.1/firebase-auth/cordova.js","auth/web-extension":"https://www.gstatic.com/firebasejs/11.9.1/firebase-auth/web-extension.js","functions":"https://www.gstatic.com/firebasejs/11.9.1/firebase-functions.js","firestore":"https://www.gstatic.com/firebasejs/11.9.1/firebase-firestore.js","firestore/lite":"https://www.gstatic.com/firebasejs/11.9.1/firebase-firestore/lite.js","installations":"https://www.gstatic.com/firebasejs/11.9.1/firebase-installations.js","storage":"https://www.gstatic.com/firebasejs/11.9.1/firebase-storage.js","performance":"https://www.gstatic.com/firebasejs/11.9.1/firebase-performance.js","remote-config":"https://www.gstatic.com/firebasejs/11.9.1/firebase-remote-config.js","messaging":"https://www.gstatic.com/firebasejs/11.9.1/firebase-messaging.js","messaging/sw":"https://www.gstatic.com/firebasejs/11.9.1/firebase-messaging/sw.js","database":"https://www.gstatic.com/firebasejs/11.9.1/firebase-database.js","vertexai":"https://www.gstatic.com/firebasejs/11.9.1/firebase-vertexai.js","data-connect":"https://www.gstatic.com/firebasejs/11.9.1/firebase-data-connect.js","firestore.memory":"https://www.gstatic.com/firebasejs/11.9.1/firebase-firestore.memory.js"}}
[info] +  Wrote public/index.html 
[info] 
[info] i  Didn't detect a .git folder. Assuming C:\AI Assistant\magusstorm-site is the project root. 
[info] i  Authorizing with GitHub to upload your service account to a GitHub repository's secrets store. 
[info] 
[info] Visit this URL on this device to log in:
[info] https://github.com/login/oauth/authorize?client_id=89cf50f02ac6aaed3484&state=469789728&redirect_uri=http%3A%2F%2Flocalhost%3A9005&scope=read%3Auser%20repo%20public_repo
[info] 
[info] Waiting for authentication...
